<?xml version="1.0" encoding="UTF-8"?>
<testng-results skipped="0" failed="0" ignored="0" total="1" passed="1">
  <reporter-output>
  </reporter-output>
  <suite name="Default suite" duration-ms="20645" started-at="2021-07-10T12:15:23 IST" finished-at="2021-07-10T12:15:43 IST">
    <groups>
    </groups>
    <test name="Default test" duration-ms="20645" started-at="2021-07-10T12:15:23 IST" finished-at="2021-07-10T12:15:43 IST">
      <class name="Testcases.Accountidtestcases">
        <test-method status="PASS" signature="openchrome()[pri:0, instance:Testcases.Accountidtestcases@30a3107a]" name="openchrome" is-config="true" duration-ms="6604" started-at="2021-07-10T12:15:23 IST" finished-at="2021-07-10T12:15:29 IST">
          <reporter-output>
          </reporter-output>
        </test-method> <!-- openchrome -->
        <test-method status="PASS" signature="login()[pri:0, instance:Testcases.Accountidtestcases@30a3107a]" name="login" duration-ms="13991" started-at="2021-07-10T12:15:29 IST" finished-at="2021-07-10T12:15:43 IST">
          <reporter-output>
          </reporter-output>
        </test-method> <!-- login -->
      </class> <!-- Testcases.Accountidtestcases -->
    </test> <!-- Default test -->
  </suite> <!-- Default suite -->
</testng-results>
